Active-HDL 10.1.3088.5434  2021-05-26 16:27:53

Elaboration top modules:
Architecture                  TB_ARCHITECTURE(fulladder_tb)


----------------------------------------------------------------------------------------------------
Entity       | Architecture    | Library | Info | Compiler Version            | Compilation Options
----------------------------------------------------------------------------------------------------
fulladder_tb | TB_ARCHITECTURE | mu8bitl |      | 10.1.3088.5434  (Windows64) | -O3
FullAdder    | fulladder_arch  | mu8bitl |      | 10.1.3088.5434  (Windows64) | -O3
----------------------------------------------------------------------------------------------------

----------------------------------------------------------------------------------------------------
VHDL Package                   | Library | Info | Compiler Version            | Compilation Options
----------------------------------------------------------------------------------------------------
standard                       | std     |      |                             | <unavailable>
TEXTIO                         | std     |      | 10.1.3088.5434  (Windows64) |  -2008
std_logic_1164                 | ieee    |      | 10.1.3088.5434  (Windows64) |  -2008
----------------------------------------------------------------------------------------------------

----------------------------------------------------------------------------------------------------
Library                        | Comment
----------------------------------------------------------------------------------------------------
ieee                           | Standard IEEE packages library
mu8bitl                        | None
std                            | Standard VHDL library
----------------------------------------------------------------------------------------------------
