Active-HDL 10.1.3088.5434  2021-05-26 16:08:24

Elaboration top modules:
Architecture                  non_restoring_div_arch(non_restoring_div)


-------------------------------------------------------------------------------------------------------------------------------
Entity            | Architecture           | Library                | Info | Compiler Version            | Compilation Options
-------------------------------------------------------------------------------------------------------------------------------
non_restoring_div | non_restoring_div_arch | non_restoring_division |      | 10.1.3088.5434  (Windows64) | -O3
-------------------------------------------------------------------------------------------------------------------------------

-------------------------------------------------------------------------------------------------------------------------------
VHDL Package                               | Library                | Info | Compiler Version            | Compilation Options
-------------------------------------------------------------------------------------------------------------------------------
standard                                   | std                    |      |                             | <unavailable>
TEXTIO                                     | std                    |      | 10.1.3088.5434  (Windows64) |  -2008
std_logic_1164                             | ieee                   |      | 10.1.3088.5434  (Windows64) |  -2008
std_logic_arith                            | ieee                   |      | 10.1.3088.5434  (Windows64) | <unavailable>
STD_LOGIC_UNSIGNED                         | ieee                   |      | 10.1.3088.5434  (Windows64) | <unavailable>
-------------------------------------------------------------------------------------------------------------------------------

-------------------------------------------------------------------------------------------------------------------------------
Library                                    | Comment
-------------------------------------------------------------------------------------------------------------------------------
ieee                                       | Standard IEEE packages library
non_restoring_division                     | None
std                                        | Standard VHDL library
-------------------------------------------------------------------------------------------------------------------------------
