Active-HDL 10.1.3088.5434  2021-05-26 16:38:47

Elaboration top modules:
Architecture                  seq_mul_arch(seq_mul)


---------------------------------------------------------------------------------------------
Entity   | Architecture | Library | Info | Compiler Version            | Compilation Options
---------------------------------------------------------------------------------------------
seq_mul  | seq_mul_arch | seq_mul |      | 10.1.3088.5434  (Windows64) | -O3
---------------------------------------------------------------------------------------------

---------------------------------------------------------------------------------------------
VHDL Package            | Library | Info | Compiler Version            | Compilation Options
---------------------------------------------------------------------------------------------
standard                | std     |      |                             | <unavailable>
TEXTIO                  | std     |      | 10.1.3088.5434  (Windows64) |  -2008
std_logic_1164          | ieee    |      | 10.1.3088.5434  (Windows64) |  -2008
std_logic_arith         | ieee    |      | 10.1.3088.5434  (Windows64) | <unavailable>
STD_LOGIC_UNSIGNED      | ieee    |      | 10.1.3088.5434  (Windows64) | <unavailable>
---------------------------------------------------------------------------------------------

---------------------------------------------------------------------------------------------
Library                 | Comment
---------------------------------------------------------------------------------------------
ieee                    | Standard IEEE packages library
seq_mul                 | None
std                     | Standard VHDL library
---------------------------------------------------------------------------------------------
