Active-HDL 10.1.3088.5434  2021-05-26 17:40:24

Elaboration top modules:
Architecture                  TB_ARCHITECTURE(carrylookahead_16bit_tb)


------------------------------------------------------------------------------------------------------------------
Entity                  | Architecture    | Library    | Info | Compiler Version            | Compilation Options
------------------------------------------------------------------------------------------------------------------
carrylookahead_16bit_tb | TB_ARCHITECTURE | carry_look |      | 10.1.3088.5434  (Windows64) | -O3
CarryLookAhead_16bit    | behavioral      | carry_look |      | 10.1.3088.5434  (Windows64) | -O3
Carry_Look_Ahead        | behavioral      | carry_look |      | 10.1.3088.5434  (Windows64) | -O3
Partial_Full_Adder      | behavioral      | carry_look |      | 10.1.3088.5434  (Windows64) | -O3
------------------------------------------------------------------------------------------------------------------

------------------------------------------------------------------------------------------------------------------
VHDL Package                              | Library    | Info | Compiler Version            | Compilation Options
------------------------------------------------------------------------------------------------------------------
standard                                  | std        |      |                             | <unavailable>
TEXTIO                                    | std        |      | 10.1.3088.5434  (Windows64) |  -2008
std_logic_1164                            | ieee       |      | 10.1.3088.5434  (Windows64) |  -2008
------------------------------------------------------------------------------------------------------------------

------------------------------------------------------------------------------------------------------------------
Library                                   | Comment
------------------------------------------------------------------------------------------------------------------
carry_look                                | None
ieee                                      | Standard IEEE packages library
std                                       | Standard VHDL library
------------------------------------------------------------------------------------------------------------------
