Active-HDL 10.1.3088.5434  2021-05-26 18:13:00

Elaboration top modules:
Architecture                  TB_ARCHITECTURE(add_sub_tb)


--------------------------------------------------------------------------------------------------------
Entity       | Architecture    | Library     | Info | Compiler Version            | Compilation Options
--------------------------------------------------------------------------------------------------------
add_sub_tb   | TB_ARCHITECTURE | add_sup8bit |      | 10.1.3088.5434  (Windows64) | -O3
ADD_SUB      | add_sub_arch    | add_sup8bit |      | 10.1.3088.5434  (Windows64) | -O3
xorgate      | xorarch         | add_sup8bit |      | 10.1.3088.5434  (Windows64) | -O3
Ripple_Adder | behavioral      | add_sup8bit |      | 10.1.3088.5434  (Windows64) | -O3
FA           | faarch          | add_sup8bit |      | 10.1.3088.5434  (Windows64) | -O3
--------------------------------------------------------------------------------------------------------

--------------------------------------------------------------------------------------------------------
VHDL Package                   | Library     | Info | Compiler Version            | Compilation Options
--------------------------------------------------------------------------------------------------------
standard                       | std         |      |                             | <unavailable>
TEXTIO                         | std         |      | 10.1.3088.5434  (Windows64) |  -2008
std_logic_1164                 | ieee        |      | 10.1.3088.5434  (Windows64) |  -2008
--------------------------------------------------------------------------------------------------------

--------------------------------------------------------------------------------------------------------
Library                        | Comment
--------------------------------------------------------------------------------------------------------
add_sup8bit                    | None
ieee                           | Standard IEEE packages library
std                            | Standard VHDL library
--------------------------------------------------------------------------------------------------------
